# JRE version: Java(TM) SE Runtime Environment (18.0.1+10) (build 18.0.1+10-24)
# Java VM: Java HotSpot(TM) 64-Bit Server VM (18.0.1+10-24, mixed mode, sharing, tiered, compressed oops, compressed class ptrs, g1 gc, windows-amd64)
GC Precious Log:
 CardTable entry size: 512
 Card Set container configuration: InlinePtr #cards 5 size 8 Array Of Cards #cards 12 size 40 Howl #buckets 4 coarsen threshold 1843 Howl Bitmap #cards 512 size 80 coarsen threshold 460 Card regions per heap region 1 cards per card region 2048
 CPUs: 8 total, 8 available
 Memory: 6081M
 Large Page Support: Disabled
 NUMA Support: Disabled
 Compressed Oops: Enabled (32-bit)
 Heap Region Size: 1M
 Heap Min Capacity: 8M
 Heap Initial Capacity: 96M
 Heap Max Capacity: 1522M
 Pre-touch: Disabled
 Parallel Workers: 8
 Concurrent Workers: 2
 Concurrent Refinement Workers: 8
 Periodic GC: Disabled
Heap:
 garbage-first heap   total 48128K, used 23380K [0x00000000a0e00000, 0x0000000100000000)
  region size 1024K, 5 young (5120K), 3 survivors (3072K)
 Metaspace       used 47536K, committed 48000K, reserved 1114112K
  class space    used 6303K, committed 6528K, reserved 1048576K
GC Heap History (20 events):
Event: 1.234 GC heap before
{Heap before GC invocations=0 (full 0):
 garbage-first heap   total 98304K, used 23552K [0x00000000a0e00000, 0x0000000100000000)
  region size 1024K, 23 young (23552K), 0 survivors (0K)
 Metaspace       used 6341K, committed 6592K, reserved 1114112K
  class space    used 713K, committed 832K, reserved 1048576K
}
Event: 1.247 GC heap after
{Heap after GC invocations=1 (full 0):
 garbage-first heap   total 98304K, used 7336K [0x00000000a0e00000, 0x0000000100000000)
  region size 1024K, 3 young (3072K), 3 survivors (3072K)
 Metaspace       used 6341K, committed 6592K, reserved 1114112K
  class space    used 713K, committed 832K, reserved 1048576K
}
Event: 2.034 GC heap before
{Heap before GC invocations=1 (full 0):
 garbage-first heap   total 98304K, used 30888K [0x00000000a0e00000, 0x0000000100000000)
  region size 1024K, 27 young (27648K), 3 survivors (3072K)
 Metaspace       used 13070K, committed 13312K, reserved 1114112K
  class space    used 1543K, committed 1664K, reserved 1048576K
}
Event: 2.040 GC heap after
{Heap after GC invocations=2 (full 0):
 garbage-first heap   total 98304K, used 9115K [0x00000000a0e00000, 0x0000000100000000)
  region size 1024K, 2 young (2048K), 2 survivors (2048K)
 Metaspace       used 13070K, committed 13312K, reserved 1114112K
  class space    used 1543K, committed 1664K, reserved 1048576K
}
Event: 3.549 GC heap before
{Heap before GC invocations=2 (full 0):
 garbage-first heap   total 98304K, used 56219K [0x00000000a0e00000, 0x0000000100000000)
  region size 1024K, 50 young (51200K), 2 survivors (2048K)
 Metaspace       used 21245K, committed 21504K, reserved 1114112K
  class space    used 2589K, committed 2752K, reserved 1048576K
}
Event: 3.560 GC heap after
{Heap after GC invocations=3 (full 0):
 garbage-first heap   total 98304K, used 12658K [0x00000000a0e00000, 0x0000000100000000)
  region size 1024K, 5 young (5120K), 5 survivors (5120K)
 Metaspace       used 21245K, committed 21504K, reserved 1114112K
  class space    used 2589K, committed 2752K, reserved 1048576K
}
Event: 4.547 GC heap before
{Heap before GC invocations=4 (full 0):
 garbage-first heap   total 48128K, used 36210K [0x00000000a0e00000, 0x0000000100000000)
  region size 1024K, 28 young (28672K), 5 survivors (5120K)
 Metaspace       used 26330K, committed 26624K, reserved 1114112K
  class space    used 3241K, committed 3392K, reserved 1048576K
}
Event: 4.554 GC heap after
{Heap after GC invocations=5 (full 0):
 garbage-first heap   total 48128K, used 15254K [0x00000000a0e00000, 0x0000000100000000)
  region size 1024K, 3 young (3072K), 3 survivors (3072K)
 Metaspace       used 26330K, committed 26624K, reserved 1114112K
  class space    used 3241K, committed 3392K, reserved 1048576K
}
Event: 4.573 GC heap before
{Heap before GC invocations=5 (full 0):
 garbage-first heap   total 48128K, used 16278K [0x00000000a0e00000, 0x0000000100000000)
  region size 1024K, 4 young (4096K), 3 survivors (3072K)
 Metaspace       used 26424K, committed 26752K, reserved 1114112K
  class space    used 3258K, committed 3392K, reserved 1048576K
}
Event: 4.576 GC heap after
{Heap after GC invocations=6 (full 0):
 garbage-first heap   total 48128K, used 15712K [0x00000000a0e00000, 0x0000000100000000)
  region size 1024K, 1 young (1024K), 1 survivors (1024K)
 Metaspace       used 26424K, committed 26752K, reserved 1114112K
  class space    used 3258K, committed 3392K, reserved 1048576K
}
Event: 5.160 GC heap before
{Heap before GC invocations=6 (full 0):
 garbage-first heap   total 48128K, used 33120K [0x00000000a0e00000, 0x0000000100000000)
  region size 1024K, 19 young (19456K), 1 survivors (1024K)
 Metaspace       used 30787K, committed 31104K, reserved 1114112K
  class space    used 3898K, committed 4032K, reserved 1048576K
}
Event: 5.162 GC heap after
{Heap after GC invocations=7 (full 0):
 garbage-first heap   total 48128K, used 16211K [0x00000000a0e00000, 0x0000000100000000)
  region size 1024K, 2 young (2048K), 2 survivors (2048K)
 Metaspace       used 30787K, committed 31104K, reserved 1114112K
  class space    used 3898K, committed 4032K, reserved 1048576K
}
Event: 5.950 GC heap before
{Heap before GC invocations=7 (full 0):
 garbage-first heap   total 48128K, used 29523K [0x00000000a0e00000, 0x0000000100000000)
  region size 1024K, 17 young (17408K), 2 survivors (2048K)
 Metaspace       used 35659K, committed 35968K, reserved 1114112K
  class space    used 4582K, committed 4736K, reserved 1048576K
}
Event: 5.953 GC heap after
{Heap after GC invocations=8 (full 0):
 garbage-first heap   total 48128K, used 17777K [0x00000000a0e00000, 0x0000000100000000)
  region size 1024K, 3 young (3072K), 3 survivors (3072K)
 Metaspace       used 35659K, committed 35968K, reserved 1114112K
  class space    used 4582K, committed 4736K, reserved 1048576K
}
Event: 6.570 GC heap before
{Heap before GC invocations=9 (full 0):
 garbage-first heap   total 48128K, used 34161K [0x00000000a0e00000, 0x0000000100000000)
  region size 1024K, 20 young (20480K), 3 survivors (3072K)
 Metaspace       used 40567K, committed 40896K, reserved 1114112K
  class space    used 5311K, committed 5440K, reserved 1048576K
}
Event: 6.575 GC heap after
{Heap after GC invocations=10 (full 0):
 garbage-first heap   total 48128K, used 19239K [0x00000000a0e00000, 0x0000000100000000)
  region size 1024K, 3 young (3072K), 3 survivors (3072K)
 Metaspace       used 40567K, committed 40896K, reserved 1114112K
  class space    used 5311K, committed 5440K, reserved 1048576K
}
Event: 7.141 GC heap before
{Heap before GC invocations=10 (full 0):
 garbage-first heap   total 48128K, used 35623K [0x00000000a0e00000, 0x0000000100000000)
  region size 1024K, 20 young (20480K), 3 survivors (3072K)
 Metaspace       used 44797K, committed 45120K, reserved 1114112K
  class space    used 5902K, committed 6016K, reserved 1048576K
}
Event: 7.145 GC heap after
{Heap after GC invocations=11 (full 0):
 garbage-first heap   total 48128K, used 20550K [0x00000000a0e00000, 0x0000000100000000)
  region size 1024K, 3 young (3072K), 3 survivors (3072K)
 Metaspace       used 44797K, committed 45120K, reserved 1114112K
  class space    used 5902K, committed 6016K, reserved 1048576K
}
Event: 7.678 GC heap before
{Heap before GC invocations=11 (full 0):
 garbage-first heap   total 48128K, used 35910K [0x00000000a0e00000, 0x0000000100000000)
  region size 1024K, 19 young (19456K), 3 survivors (3072K)
 Metaspace       used 47210K, committed 47616K, reserved 1114112K
  class space    used 6257K, committed 6464K, reserved 1048576K
}
Event: 7.684 GC heap after
{Heap after GC invocations=12 (full 0):
 garbage-first heap   total 48128K, used 22356K [0x00000000a0e00000, 0x0000000100000000)
  region size 1024K, 3 young (3072K), 3 survivors (3072K)
 Metaspace       used 47210K, committed 47616K, reserved 1114112K
  class space    used 6257K, committed 6464K, reserved 1048576K
}

